<?xml version="1.0" encoding="UTF-8"?>
<!-- Generated by org.testng.reporters.JUnitReportReporter -->
<testsuite hostname="CO-IT00582" name="org.gradle.Tests" tests="1" failures="0" timestamp="25 Apr 2016 21:01:32 GMT" time="20.037" errors="0">
  <testcase name="test" time="20.037" classname="org.gradle.Tests"/>
</testsuite> <!-- org.gradle.Tests -->
