<?xml version="1.0" encoding="UTF-8"?>
<!-- Generated by org.testng.reporters.JUnitReportReporter -->
<testsuite hostname="CO-IT00582" name="org.gradle.TestJBehave" tests="1" failures="0" timestamp="25 Apr 2016 21:03:01 GMT" time="0.016" errors="0">
  <testcase name="test" time="0.016" classname="org.gradle.TestJBehave"/>
</testsuite> <!-- org.gradle.TestJBehave -->
